2025-06-06 22:03:50,436 - INFO - FTMap Enhanced Pipeline OTIMIZADO iniciado para protein_prot.pdb
2025-06-06 22:03:50,436 - INFO - Outputs serão salvos em: enhanced_outputs
2025-06-06 22:03:50,440 - INFO - Carregados 3886 átomos da proteína
2025-06-06 22:03:50,441 - INFO - Gerando grade adaptativa otimizada...
2025-06-06 22:04:57,913 - INFO - Geradas 800 posições de probe otimizadas
2025-06-06 22:04:57,913 - INFO - Calculando energias dos probes...
2025-06-06 22:04:57,913 - INFO - Processando probe tipo: methane
2025-06-06 22:04:58,630 - INFO -   Processados 200/800 probes
2025-06-06 22:04:59,347 - INFO -   Processados 400/800 probes
2025-06-06 22:05:00,079 - INFO -   Processados 600/800 probes
2025-06-06 22:05:00,787 - INFO -   Processados 800/800 probes
2025-06-06 22:05:00,787 - INFO -   49 melhores probes selecionados para methane
2025-06-06 22:05:00,787 - INFO - Processando probe tipo: water
2025-06-06 22:05:01,513 - INFO -   Processados 200/800 probes
2025-06-06 22:05:02,245 - INFO -   Processados 400/800 probes
2025-06-06 22:05:02,992 - INFO -   Processados 600/800 probes
2025-06-06 22:05:03,713 - INFO -   Processados 800/800 probes
2025-06-06 22:05:03,713 - INFO - Processando probe tipo: benzene
2025-06-06 22:05:04,413 - INFO -   Processados 200/800 probes
2025-06-06 22:05:05,119 - INFO -   Processados 400/800 probes
2025-06-06 22:05:05,832 - INFO -   Processados 600/800 probes
2025-06-06 22:05:06,545 - INFO -   Processados 800/800 probes
2025-06-06 22:05:06,545 - INFO -   60 melhores probes selecionados para benzene
2025-06-06 22:05:06,553 - INFO - Total de probes selecionados: 109
2025-06-06 22:05:06,553 - INFO - Executando clustering otimizado...
2025-06-06 22:05:06,553 - INFO - Clustering 109 pontos...
2025-06-06 22:05:06,559 - INFO - Identificados 0 clusters otimizados
2025-06-06 22:05:06,559 - WARNING - Nenhum cluster identificado!
